[2024-03-20 00:11:32,878 - data_logger - DEBUG(110)] word data length: 10
[2024-03-20 00:11:32,878 - data_logger - DEBUG(138)] {'sseq': [[['sense', {'sn': '1', 'dt': [['text', '{bc}a vehicle that has four wheels and an engine and that is used for carrying passengers on roads '], ['wsgram', 'count'], ['vis', [{'t': "I'll wait in the {it}car{/it}."}, {'t': 'He got into the {it}car{/it} and drove away.'}, {'t': 'She bought a new {it}car{/it}.'}, {'t': 'drive/park a {it}car{/it}'}]], ['wsgram', 'noncount'], ['vis', [{'t': 'We can go {phrase}by car{/phrase} or by bus. [=we can travel in a car or in a bus]'}]], ['uns', [[['text', 'often used before another noun '], ['vis', [{'t': 'a {it}car{/it} manufacturer/dealer/accident/crash'}]]]]], ['ca', {'intro': 'called also ({it}US{/it})', 'cats': [{'cat': 'automobile'}]}]]}]], [['sense', {'sn': '2', 'sgram': 'count', 'sls': ['US'], 'dt': [['text', '{bc}a separate section of a train '], ['vis', [{'t': 'a railroad {it}car{/it}'}, {'t': 'The train has 20 {it}cars{/it}. [=({it}Brit{/it}) {it}carriages, coaches{/it}]'}]], ['text', '{dx}see also {dxt|cable car||} {dxt|dining car||} {dxt|sleeping car||} {dxt|trolley car||}{/dx}']]}]]]}
[2024-03-20 00:11:32,879 - data_logger - DEBUG(142)] [['sense', {'sn': '1', 'dt': [['text', '{bc}a vehicle that has four wheels and an engine and that is used for carrying passengers on roads '], ['wsgram', 'count'], ['vis', [{'t': "I'll wait in the {it}car{/it}."}, {'t': 'He got into the {it}car{/it} and drove away.'}, {'t': 'She bought a new {it}car{/it}.'}, {'t': 'drive/park a {it}car{/it}'}]], ['wsgram', 'noncount'], ['vis', [{'t': 'We can go {phrase}by car{/phrase} or by bus. [=we can travel in a car or in a bus]'}]], ['uns', [[['text', 'often used before another noun '], ['vis', [{'t': 'a {it}car{/it} manufacturer/dealer/accident/crash'}]]]]], ['ca', {'intro': 'called also ({it}US{/it})', 'cats': [{'cat': 'automobile'}]}]]}]]
[2024-03-20 00:11:32,879 - data_logger - DEBUG(164)] ['sense', {'sn': '1', 'dt': [['text', '{bc}a vehicle that has four wheels and an engine and that is used for carrying passengers on roads '], ['wsgram', 'count'], ['vis', [{'t': "I'll wait in the {it}car{/it}."}, {'t': 'He got into the {it}car{/it} and drove away.'}, {'t': 'She bought a new {it}car{/it}.'}, {'t': 'drive/park a {it}car{/it}'}]], ['wsgram', 'noncount'], ['vis', [{'t': 'We can go {phrase}by car{/phrase} or by bus. [=we can travel in a car or in a bus]'}]], ['uns', [[['text', 'often used before another noun '], ['vis', [{'t': 'a {it}car{/it} manufacturer/dealer/accident/crash'}]]]]], ['ca', {'intro': 'called also ({it}US{/it})', 'cats': [{'cat': 'automobile'}]}]]}]
[2024-03-20 00:11:32,879 - data_logger - DEBUG(248)] ['text', '{bc}a vehicle that has four wheels and an engine and that is used for carrying passengers on roads ']
[2024-03-20 00:11:32,880 - data_logger - DEBUG(256)] {bc}a vehicle that has four wheels and an engine and that is used for carrying passengers on roads 
[2024-03-20 00:11:32,880 - data_logger - DEBUG(248)] ['wsgram', 'count']
[2024-03-20 00:11:32,880 - data_logger - DEBUG(269)] count
[2024-03-20 00:11:32,880 - data_logger - DEBUG(248)] ['vis', [{'t': "I'll wait in the {it}car{/it}."}, {'t': 'He got into the {it}car{/it} and drove away.'}, {'t': 'She bought a new {it}car{/it}.'}, {'t': 'drive/park a {it}car{/it}'}]]
[2024-03-20 00:11:32,880 - data_logger - DEBUG(262)] {'t': "I'll wait in the {it}car{/it}."}
[2024-03-20 00:11:32,881 - data_logger - DEBUG(262)] {'t': 'He got into the {it}car{/it} and drove away.'}
[2024-03-20 00:11:32,881 - data_logger - DEBUG(262)] {'t': 'She bought a new {it}car{/it}.'}
[2024-03-20 00:11:32,881 - data_logger - DEBUG(262)] {'t': 'drive/park a {it}car{/it}'}
[2024-03-20 00:11:32,881 - data_logger - DEBUG(248)] ['wsgram', 'noncount']
[2024-03-20 00:11:32,881 - data_logger - DEBUG(269)] noncount
[2024-03-20 00:11:32,881 - data_logger - DEBUG(248)] ['vis', [{'t': 'We can go {phrase}by car{/phrase} or by bus. [=we can travel in a car or in a bus]'}]]
[2024-03-20 00:11:32,881 - data_logger - DEBUG(262)] {'t': 'We can go {phrase}by car{/phrase} or by bus. [=we can travel in a car or in a bus]'}
[2024-03-20 00:11:32,882 - data_logger - DEBUG(248)] ['uns', [[['text', 'often used before another noun '], ['vis', [{'t': 'a {it}car{/it} manufacturer/dealer/accident/crash'}]]]]]
[2024-03-20 00:11:32,882 - data_logger - DEBUG(248)] ['ca', {'intro': 'called also ({it}US{/it})', 'cats': [{'cat': 'automobile'}]}]
[2024-03-20 00:11:32,906 - data_logger - DEBUG(142)] [['sense', {'sn': '2', 'sgram': 'count', 'sls': ['US'], 'dt': [['text', '{bc}a separate section of a train '], ['vis', [{'t': 'a railroad {it}car{/it}'}, {'t': 'The train has 20 {it}cars{/it}. [=({it}Brit{/it}) {it}carriages, coaches{/it}]'}]], ['text', '{dx}see also {dxt|cable car||} {dxt|dining car||} {dxt|sleeping car||} {dxt|trolley car||}{/dx}']]}]]
[2024-03-20 00:11:32,906 - data_logger - DEBUG(164)] ['sense', {'sn': '2', 'sgram': 'count', 'sls': ['US'], 'dt': [['text', '{bc}a separate section of a train '], ['vis', [{'t': 'a railroad {it}car{/it}'}, {'t': 'The train has 20 {it}cars{/it}. [=({it}Brit{/it}) {it}carriages, coaches{/it}]'}]], ['text', '{dx}see also {dxt|cable car||} {dxt|dining car||} {dxt|sleeping car||} {dxt|trolley car||}{/dx}']]}]
[2024-03-20 00:11:32,907 - data_logger - DEBUG(248)] ['text', '{bc}a separate section of a train ']
[2024-03-20 00:11:32,907 - data_logger - DEBUG(256)] {bc}a separate section of a train 
[2024-03-20 00:11:32,907 - data_logger - DEBUG(248)] ['vis', [{'t': 'a railroad {it}car{/it}'}, {'t': 'The train has 20 {it}cars{/it}. [=({it}Brit{/it}) {it}carriages, coaches{/it}]'}]]
[2024-03-20 00:11:32,907 - data_logger - DEBUG(262)] {'t': 'a railroad {it}car{/it}'}
[2024-03-20 00:11:32,907 - data_logger - DEBUG(262)] {'t': 'The train has 20 {it}cars{/it}. [=({it}Brit{/it}) {it}carriages, coaches{/it}]'}
[2024-03-20 00:11:32,908 - data_logger - DEBUG(248)] ['text', '{dx}see also {dxt|cable car||} {dxt|dining car||} {dxt|sleeping car||} {dxt|trolley car||}{/dx}']
[2024-03-20 00:11:32,908 - data_logger - DEBUG(256)] {dx}see also {dxt|cable car||} {dxt|dining car||} {dxt|sleeping car||} {dxt|trolley car||}{/dx}
[2024-03-20 00:11:32,931 - data_logger - DEBUG(127)] count
[2024-03-20 00:11:32,932 - data_logger - DEBUG(138)] {'sseq': [[['sense', {'dt': [['text', '{bc}a bomb that is hidden inside or underneath a vehicle']]}]]]}
[2024-03-20 00:11:32,932 - data_logger - DEBUG(142)] [['sense', {'dt': [['text', '{bc}a bomb that is hidden inside or underneath a vehicle']]}]]
[2024-03-20 00:11:32,933 - data_logger - DEBUG(164)] ['sense', {'dt': [['text', '{bc}a bomb that is hidden inside or underneath a vehicle']]}]
[2024-03-20 00:11:32,933 - data_logger - DEBUG(248)] ['text', '{bc}a bomb that is hidden inside or underneath a vehicle']
[2024-03-20 00:11:32,933 - data_logger - DEBUG(256)] {bc}a bomb that is hidden inside or underneath a vehicle
[2024-03-20 00:11:32,949 - data_logger - DEBUG(127)] count
[2024-03-20 00:11:32,950 - data_logger - DEBUG(138)] {'sseq': [[['sense', {'sls': ['British'], 'dt': [['text', '{bc}a sale in which people gather to sell items that they bring to the sale in their cars']]}]]]}
[2024-03-20 00:11:32,950 - data_logger - DEBUG(142)] [['sense', {'sls': ['British'], 'dt': [['text', '{bc}a sale in which people gather to sell items that they bring to the sale in their cars']]}]]
[2024-03-20 00:11:32,951 - data_logger - DEBUG(164)] ['sense', {'sls': ['British'], 'dt': [['text', '{bc}a sale in which people gather to sell items that they bring to the sale in their cars']]}]
[2024-03-20 00:11:32,951 - data_logger - DEBUG(248)] ['text', '{bc}a sale in which people gather to sell items that they bring to the sale in their cars']
[2024-03-20 00:11:32,952 - data_logger - DEBUG(256)] {bc}a sale in which people gather to sell items that they bring to the sale in their cars
[2024-03-20 00:11:32,958 - data_logger - DEBUG(127)] count
[2024-03-20 00:11:32,959 - data_logger - DEBUG(138)] {'sls': ['British'], 'sseq': [[['sense', {'sn': '1', 'dt': [['text', '{bc}{sx|parking lot||}']]}]], [['sense', {'sn': '2', 'dt': [['text', '{bc}{sx|parking garage||}']]}]]]}
[2024-03-20 00:11:32,959 - data_logger - DEBUG(142)] [['sense', {'sn': '1', 'dt': [['text', '{bc}{sx|parking lot||}']]}]]
[2024-03-20 00:11:32,959 - data_logger - DEBUG(164)] ['sense', {'sn': '1', 'dt': [['text', '{bc}{sx|parking lot||}']]}]
[2024-03-20 00:11:32,959 - data_logger - DEBUG(248)] ['text', '{bc}{sx|parking lot||}']
[2024-03-20 00:11:32,960 - data_logger - DEBUG(256)] {bc}{sx|parking lot||}
[2024-03-20 00:11:32,975 - data_logger - DEBUG(142)] [['sense', {'sn': '2', 'dt': [['text', '{bc}{sx|parking garage||}']]}]]
[2024-03-20 00:11:32,976 - data_logger - DEBUG(164)] ['sense', {'sn': '2', 'dt': [['text', '{bc}{sx|parking garage||}']]}]
[2024-03-20 00:11:32,976 - data_logger - DEBUG(248)] ['text', '{bc}{sx|parking garage||}']
[2024-03-20 00:11:32,976 - data_logger - DEBUG(256)] {bc}{sx|parking garage||}
[2024-03-20 00:11:32,980 - data_logger - DEBUG(127)] count
[2024-03-20 00:11:32,980 - data_logger - DEBUG(138)] {'sseq': [[['sense', {'dt': [['text', "{bc}a group of people who regularly share a car when they are going to and from their jobs or who take turns driving each other's children to school, activities, etc."]]}]]]}
[2024-03-20 00:11:32,981 - data_logger - DEBUG(142)] [['sense', {'dt': [['text', "{bc}a group of people who regularly share a car when they are going to and from their jobs or who take turns driving each other's children to school, activities, etc."]]}]]
[2024-03-20 00:11:32,981 - data_logger - DEBUG(164)] ['sense', {'dt': [['text', "{bc}a group of people who regularly share a car when they are going to and from their jobs or who take turns driving each other's children to school, activities, etc."]]}]
[2024-03-20 00:11:32,981 - data_logger - DEBUG(248)] ['text', "{bc}a group of people who regularly share a car when they are going to and from their jobs or who take turns driving each other's children to school, activities, etc."]
[2024-03-20 00:11:32,981 - data_logger - DEBUG(256)] {bc}a group of people who regularly share a car when they are going to and from their jobs or who take turns driving each other's children to school, activities, etc.
[2024-03-20 00:11:32,988 - data_logger - DEBUG(127)] count
[2024-03-20 00:11:32,989 - data_logger - DEBUG(138)] {'sseq': [[['sense', {'dt': [['text', '{bc}a special seat for a baby or a small child that can be attached to an automobile seat and that holds the child safely']]}]]]}
[2024-03-20 00:11:32,989 - data_logger - DEBUG(142)] [['sense', {'dt': [['text', '{bc}a special seat for a baby or a small child that can be attached to an automobile seat and that holds the child safely']]}]]
[2024-03-20 00:11:32,989 - data_logger - DEBUG(164)] ['sense', {'dt': [['text', '{bc}a special seat for a baby or a small child that can be attached to an automobile seat and that holds the child safely']]}]
[2024-03-20 00:11:32,989 - data_logger - DEBUG(248)] ['text', '{bc}a special seat for a baby or a small child that can be attached to an automobile seat and that holds the child safely']
[2024-03-20 00:11:32,989 - data_logger - DEBUG(256)] {bc}a special seat for a baby or a small child that can be attached to an automobile seat and that holds the child safely
[2024-03-20 00:11:33,002 - data_logger - DEBUG(127)] count
[2024-03-20 00:11:33,002 - data_logger - DEBUG(138)] {'sseq': [[['sense', {'sn': '1', 'dt': [['text', '{bc}an area or building with equipment for washing cars '], ['vis', [{'t': 'a drive-through {it}car wash{/it}'}]]]}]], [['sense', {'sn': '2', 'sls': ['US'], 'dt': [['text', '{bc}an event at which people pay to have their cars washed in order to raise money for some purpose '], ['vis', [{'t': 'Our church is having a {it}car wash{/it} tomorrow from 9:00 a.m. to 3:00 p.m.'}]]]}]]]}
[2024-03-20 00:11:33,003 - data_logger - DEBUG(142)] [['sense', {'sn': '1', 'dt': [['text', '{bc}an area or building with equipment for washing cars '], ['vis', [{'t': 'a drive-through {it}car wash{/it}'}]]]}]]
[2024-03-20 00:11:33,003 - data_logger - DEBUG(164)] ['sense', {'sn': '1', 'dt': [['text', '{bc}an area or building with equipment for washing cars '], ['vis', [{'t': 'a drive-through {it}car wash{/it}'}]]]}]
[2024-03-20 00:11:33,003 - data_logger - DEBUG(248)] ['text', '{bc}an area or building with equipment for washing cars ']
[2024-03-20 00:11:33,004 - data_logger - DEBUG(256)] {bc}an area or building with equipment for washing cars 
[2024-03-20 00:11:33,004 - data_logger - DEBUG(248)] ['vis', [{'t': 'a drive-through {it}car wash{/it}'}]]
[2024-03-20 00:11:33,004 - data_logger - DEBUG(262)] {'t': 'a drive-through {it}car wash{/it}'}
[2024-03-20 00:11:33,013 - data_logger - DEBUG(142)] [['sense', {'sn': '2', 'sls': ['US'], 'dt': [['text', '{bc}an event at which people pay to have their cars washed in order to raise money for some purpose '], ['vis', [{'t': 'Our church is having a {it}car wash{/it} tomorrow from 9:00 a.m. to 3:00 p.m.'}]]]}]]
[2024-03-20 00:11:33,013 - data_logger - DEBUG(164)] ['sense', {'sn': '2', 'sls': ['US'], 'dt': [['text', '{bc}an event at which people pay to have their cars washed in order to raise money for some purpose '], ['vis', [{'t': 'Our church is having a {it}car wash{/it} tomorrow from 9:00 a.m. to 3:00 p.m.'}]]]}]
[2024-03-20 00:11:33,013 - data_logger - DEBUG(248)] ['text', '{bc}an event at which people pay to have their cars washed in order to raise money for some purpose ']
[2024-03-20 00:11:33,014 - data_logger - DEBUG(256)] {bc}an event at which people pay to have their cars washed in order to raise money for some purpose 
[2024-03-20 00:11:33,014 - data_logger - DEBUG(248)] ['vis', [{'t': 'Our church is having a {it}car wash{/it} tomorrow from 9:00 a.m. to 3:00 p.m.'}]]
[2024-03-20 00:11:33,014 - data_logger - DEBUG(262)] {'t': 'Our church is having a {it}car wash{/it} tomorrow from 9:00 a.m. to 3:00 p.m.'}
[2024-03-20 00:11:33,027 - data_logger - DEBUG(127)] count
[2024-03-20 00:11:33,027 - data_logger - DEBUG(138)] {'sseq': [[['sense', {'sls': ['British'], 'dt': [['text', '{bc}{sx|dining car||}']]}]]]}
[2024-03-20 00:11:33,028 - data_logger - DEBUG(142)] [['sense', {'sls': ['British'], 'dt': [['text', '{bc}{sx|dining car||}']]}]]
[2024-03-20 00:11:33,028 - data_logger - DEBUG(164)] ['sense', {'sls': ['British'], 'dt': [['text', '{bc}{sx|dining car||}']]}]
[2024-03-20 00:11:33,028 - data_logger - DEBUG(248)] ['text', '{bc}{sx|dining car||}']
[2024-03-20 00:11:33,029 - data_logger - DEBUG(256)] {bc}{sx|dining car||}
[2024-03-20 00:11:33,038 - data_logger - DEBUG(127)] count
[2024-03-20 00:11:33,039 - data_logger - DEBUG(138)] {'sseq': [[['sense', {'sls': ['chiefly US'], 'dt': [['text', '{bc}a small electric car that you drive around in a small area at an amusement park and use to try to hit other cars']]}]]]}
[2024-03-20 00:11:33,039 - data_logger - DEBUG(142)] [['sense', {'sls': ['chiefly US'], 'dt': [['text', '{bc}a small electric car that you drive around in a small area at an amusement park and use to try to hit other cars']]}]]
[2024-03-20 00:11:33,039 - data_logger - DEBUG(164)] ['sense', {'sls': ['chiefly US'], 'dt': [['text', '{bc}a small electric car that you drive around in a small area at an amusement park and use to try to hit other cars']]}]
[2024-03-20 00:11:33,039 - data_logger - DEBUG(248)] ['text', '{bc}a small electric car that you drive around in a small area at an amusement park and use to try to hit other cars']
[2024-03-20 00:11:33,039 - data_logger - DEBUG(256)] {bc}a small electric car that you drive around in a small area at an amusement park and use to try to hit other cars
[2024-03-20 00:11:33,052 - data_logger - DEBUG(127)] count
[2024-03-20 00:11:33,053 - data_logger - DEBUG(138)] {'sseq': [[['sense', {'sn': '1', 'dt': [['text', '{bc}a vehicle that hangs in the air from a cable that pulls it up and down mountains '], ['vis', [{'t': 'The skiers took a {it}cable car{/it} to the top of the mountain.'}]]]}]], [['sense', {'sn': '2', 'dt': [['text', '{bc}a vehicle that is pulled along tracks by a cable '], ['vis', [{'t': 'Tourists packed the {it}cable cars{/it} on the hilly streets of San Francisco.'}]]]}]]]}
[2024-03-20 00:11:33,053 - data_logger - DEBUG(142)] [['sense', {'sn': '1', 'dt': [['text', '{bc}a vehicle that hangs in the air from a cable that pulls it up and down mountains '], ['vis', [{'t': 'The skiers took a {it}cable car{/it} to the top of the mountain.'}]]]}]]
[2024-03-20 00:11:33,054 - data_logger - DEBUG(164)] ['sense', {'sn': '1', 'dt': [['text', '{bc}a vehicle that hangs in the air from a cable that pulls it up and down mountains '], ['vis', [{'t': 'The skiers took a {it}cable car{/it} to the top of the mountain.'}]]]}]
[2024-03-20 00:11:33,054 - data_logger - DEBUG(248)] ['text', '{bc}a vehicle that hangs in the air from a cable that pulls it up and down mountains ']
[2024-03-20 00:11:33,054 - data_logger - DEBUG(256)] {bc}a vehicle that hangs in the air from a cable that pulls it up and down mountains 
[2024-03-20 00:11:33,055 - data_logger - DEBUG(248)] ['vis', [{'t': 'The skiers took a {it}cable car{/it} to the top of the mountain.'}]]
[2024-03-20 00:11:33,055 - data_logger - DEBUG(262)] {'t': 'The skiers took a {it}cable car{/it} to the top of the mountain.'}
[2024-03-20 00:11:33,074 - data_logger - DEBUG(142)] [['sense', {'sn': '2', 'dt': [['text', '{bc}a vehicle that is pulled along tracks by a cable '], ['vis', [{'t': 'Tourists packed the {it}cable cars{/it} on the hilly streets of San Francisco.'}]]]}]]
[2024-03-20 00:11:33,074 - data_logger - DEBUG(164)] ['sense', {'sn': '2', 'dt': [['text', '{bc}a vehicle that is pulled along tracks by a cable '], ['vis', [{'t': 'Tourists packed the {it}cable cars{/it} on the hilly streets of San Francisco.'}]]]}]
[2024-03-20 00:11:33,075 - data_logger - DEBUG(248)] ['text', '{bc}a vehicle that is pulled along tracks by a cable ']
[2024-03-20 00:11:33,075 - data_logger - DEBUG(256)] {bc}a vehicle that is pulled along tracks by a cable 
[2024-03-20 00:11:33,075 - data_logger - DEBUG(248)] ['vis', [{'t': 'Tourists packed the {it}cable cars{/it} on the hilly streets of San Francisco.'}]]
[2024-03-20 00:11:33,075 - data_logger - DEBUG(262)] {'t': 'Tourists packed the {it}cable cars{/it} on the hilly streets of San Francisco.'}
